GET /api/student/63905a7c8a49f0d1eeb2e54f 200 234 105.544 ms Wed, 07 Dec 2022 13:19:17 GMT -
GET /api/student 200 943 51.650 ms Wed, 07 Dec 2022 13:19:52 GMT -
POST /api/grade/add 200 160 187.515 ms Thu, 08 Dec 2022 05:45:17 GMT application/json
POST /api/grade/add 200 160 34.105 ms Thu, 08 Dec 2022 05:45:28 GMT application/json
POST /api/grade/add 200 160 177.465 ms Thu, 08 Dec 2022 05:45:35 GMT application/json
GET /api/grade 200 484 73.932 ms Thu, 08 Dec 2022 05:45:41 GMT -
POST /api/grade/add?gradeId=639179ed0c908bd78df77f93 200 160 982.195 ms Thu, 08 Dec 2022 05:47:47 GMT application/json
GET /api/grade 200 645 42.338 ms Thu, 08 Dec 2022 05:48:03 GMT -
POST /api/grade/add/639179ed0c908bd78df77f93 404 178 1.841 ms Thu, 08 Dec 2022 05:49:17 GMT application/json
POST /api/grade/add/639179ed0c908bd78df77f93 404 178 1.008 ms Thu, 08 Dec 2022 05:49:39 GMT application/json
POST /api/add/639179ed0c908bd78df77f93 404 172 0.761 ms Thu, 08 Dec 2022 05:50:03 GMT application/json
POST /api/grade/add/639179ed0c908bd78df77f93 404 178 19.341 ms Thu, 08 Dec 2022 05:54:02 GMT application/json
POST /api/grade/add/639179ed0c908bd78df77f93 404 178 2.153 ms Thu, 08 Dec 2022 05:54:17 GMT application/json
POST /api/grade/add/639179ed0c908bd78df77f93 404 178 1.618 ms Thu, 08 Dec 2022 05:54:48 GMT application/json
POST /api/grade/add/639179ed0c908bd78df77f93 404 178 22.239 ms Thu, 08 Dec 2022 05:55:10 GMT application/json
POST /api/grade/add/639179ed0c908bd78df77f93 404 178 1.992 ms Thu, 08 Dec 2022 05:57:21 GMT application/json
POST /api/student/add/639179ed0c908bd78df77f93 200 209 497.675 ms Thu, 08 Dec 2022 05:58:33 GMT application/json
POST /api/student 404 151 1.625 ms Thu, 08 Dec 2022 05:59:22 GMT application/json
GET /api/student 200 211 45.017 ms Thu, 08 Dec 2022 05:59:27 GMT application/json
GET /api/grade 200 671 808.306 ms Thu, 08 Dec 2022 05:59:40 GMT -
GET /api/grade/63903d872df2658a4f13830b 200 4 33.864 ms Thu, 08 Dec 2022 06:02:56 GMT -
GET /api/grade/639179ed0c908bd78df77f93 200 186 24.925 ms Thu, 08 Dec 2022 06:03:04 GMT -
GET /api/grade/639179ed0c908bd78df77f93 500 578 61.694 ms Thu, 08 Dec 2022 06:09:12 GMT -
GET /api/grade/639179ed0c908bd78df77f93 200 186 69.500 ms Thu, 08 Dec 2022 06:10:20 GMT -
GET /api/grade/639179ed0c908bd78df77f93 200 186 45.576 ms Thu, 08 Dec 2022 06:18:58 GMT -
GET /api/grade/639179ed0c908bd78df77f93 200 - 43.304 ms Thu, 08 Dec 2022 06:19:19 GMT -
GET /api/grade/639179ed0c908bd78df77f93 200 - 50.219 ms Thu, 08 Dec 2022 06:19:36 GMT -
GET /api/grade/639179ed0c908bd78df77f93 200 - 247.998 ms Thu, 08 Dec 2022 06:20:01 GMT -
GET /api/grade/639179ed0c908bd78df77f93 200 - 55.503 ms Thu, 08 Dec 2022 06:20:21 GMT -
GET /api/grade/639179ed0c908bd78df77f93 200 - 28.423 ms Thu, 08 Dec 2022 06:21:16 GMT -
GET /api/grade/639179ed0c908bd78df77f93 200 - 49.411 ms Thu, 08 Dec 2022 06:22:55 GMT -
GET /api/grade/639179ed0c908bd78df77f93 200 - 121.401 ms Thu, 08 Dec 2022 06:23:48 GMT -
GET /api/grade/639179ed0c908bd78df77f93 200 - 60.586 ms Thu, 08 Dec 2022 06:25:40 GMT -
GET /api/grade/639179ed0c908bd78df77f93 200 - 88.697 ms Thu, 08 Dec 2022 06:26:02 GMT -
GET /api/grade/639179ed0c908bd78df77f93 200 - 53.449 ms Thu, 08 Dec 2022 06:27:13 GMT -
GET /api/grade/639179ed0c908bd78df77f93 200 - 93.209 ms Thu, 08 Dec 2022 06:27:26 GMT -
GET /api/grade/639179ed0c908bd78df77f93 200 186 45.688 ms Thu, 08 Dec 2022 06:28:44 GMT -
GET /api/grade/639179ed0c908bd78df77f93 200 186 157.668 ms Thu, 08 Dec 2022 06:34:48 GMT -
GET /api/grade/639179ed0c908bd78df77f93 200 186 86.691 ms Thu, 08 Dec 2022 06:46:09 GMT -
GET /api/grade/639179ed0c908bd78df77f93 200 1378 124.151 ms Thu, 08 Dec 2022 06:46:35 GMT -
GET /api/grade/639179ed0c908bd78df77f93 500 1427 10.670 ms Thu, 08 Dec 2022 06:54:19 GMT -
GET /api/grade/639179ed0c908bd78df77f93 500 1040 105.698 ms Thu, 08 Dec 2022 06:54:44 GMT -
GET /api/grade/639179ed0c908bd78df77f93 500 1040 95.113 ms Thu, 08 Dec 2022 06:55:17 GMT -
GET /api/grade/639179ed0c908bd78df77f93 500 1040 86.510 ms Thu, 08 Dec 2022 06:55:54 GMT -
GET /api/grade/639179ed0c908bd78df77f93 500 807 104.596 ms Thu, 08 Dec 2022 06:56:34 GMT -
GET /api/grade/639179ed0c908bd78df77f93 500 807 326.133 ms Thu, 08 Dec 2022 06:56:49 GMT -
GET /api/grade/639179ed0c908bd78df77f93 200 6 2554.990 ms Thu, 08 Dec 2022 06:57:04 GMT -
GET /api/grade/639179ed0c908bd78df77f93 200 6 435.183 ms Thu, 08 Dec 2022 06:57:17 GMT -
GET /api/grade/639179ed0c908bd78df77f93 200 6 98.426 ms Thu, 08 Dec 2022 06:58:07 GMT -
GET /api/grade/639179ed0c908bd78df77f93 500 369 884.517 ms Thu, 08 Dec 2022 06:58:24 GMT -
GET /api/grade/639179ed0c908bd78df77f93 200 211 2004.877 ms Thu, 08 Dec 2022 06:58:35 GMT -
GET /api/grade/639179ed0c908bd78df77f93 200 732 99.103 ms Thu, 08 Dec 2022 07:01:35 GMT -
GET /api/grade/639179ed0c908bd78df77f93 200 416 83.280 ms Thu, 08 Dec 2022 07:07:04 GMT -
GET /api/student 200 211 48.133 ms Thu, 08 Dec 2022 07:07:39 GMT application/json
GET /api/grade/639179ed0c908bd78df77f93 200 416 53.222 ms Thu, 08 Dec 2022 07:07:43 GMT -
GET /api/student/639179ed0c908bd78df77f93 200 4 29.401 ms Thu, 08 Dec 2022 07:08:17 GMT application/json
GET /api/student/add/639179ed0c908bd78df77f93 404 179 2.516 ms Thu, 08 Dec 2022 07:08:50 GMT application/json
POST /api/student/add/639179ed0c908bd78df77f93 200 210 84.384 ms Thu, 08 Dec 2022 07:08:56 GMT application/json
GET /api/grade/639179ed0c908bd78df77f93 200 654 70.418 ms Thu, 08 Dec 2022 07:09:02 GMT -
GET /api/grade/639179ed0c908bd78df77f93 200 654 138.497 ms Thu, 08 Dec 2022 07:09:47 GMT -
PUT /api/grade/63903d872df2658a4f13830b 200 4 60.281 ms Thu, 08 Dec 2022 07:14:11 GMT application/json
GET /api/grade/639179ed0c908bd78df77f93 200 654 43.197 ms Thu, 08 Dec 2022 07:14:17 GMT -
PUT /api/grade/639179ed0c908bd78df77f93 200 208 45.951 ms Thu, 08 Dec 2022 07:14:26 GMT application/json
PUT /api/grade/639179ed0c908bd78df77f93 200 208 6754.322 ms Thu, 08 Dec 2022 07:16:27 GMT application/json
GET /api/student 200 422 52.346 ms Thu, 08 Dec 2022 07:25:25 GMT -
GET /api/student/63917d088a97924f40820939 200 209 99.196 ms Thu, 08 Dec 2022 07:25:37 GMT -
GET /api/grade 200 693 30.933 ms Thu, 08 Dec 2022 07:25:50 GMT -
GET /api/student/63917d088a97924f40820939 200 209 69.312 ms Thu, 08 Dec 2022 07:26:22 GMT -
GET /api/grade/639179ed0c908bd78df77f93 200 649 80.885 ms Thu, 08 Dec 2022 07:27:14 GMT -
GET /api/student/63917d088a97924f40820939 200 209 99.111 ms Thu, 08 Dec 2022 07:27:45 GMT -
GET /api/student/63917d088a97924f40820939 200 209 78.437 ms Thu, 08 Dec 2022 07:28:07 GMT -
GET /api/student/63917d088a97924f40820939 200 209 96.608 ms Thu, 08 Dec 2022 07:29:01 GMT -
GET /api/student/63917d088a97924f40820939 200 209 229.620 ms Thu, 08 Dec 2022 07:29:34 GMT -
GET /api/student/63917d088a97924f40820939 200 209 76.655 ms Thu, 08 Dec 2022 07:30:33 GMT -
GET /api/student/63917d088a97924f40820939 200 433 1121.163 ms Thu, 08 Dec 2022 07:30:44 GMT -
POST /api/student/add/639179ed0c908bd78df77f93 200 211 273.908 ms Thu, 08 Dec 2022 07:31:52 GMT application/json
POST /api/student/add/639179ed0c908bd78df77f93 200 211 110.549 ms Thu, 08 Dec 2022 07:32:03 GMT application/json
POST /api/student/add/639179ed0c908bd78df77f93 200 212 83.656 ms Thu, 08 Dec 2022 07:32:07 GMT application/json
DELETE /api/student/639192f2c8e52ccae6c8336d 200 - 82.268 ms Thu, 08 Dec 2022 07:32:51 GMT -
GET /api/student/63917d088a97924f40820939 200 514 81.423 ms Thu, 08 Dec 2022 07:33:03 GMT -
GET /api/student 200 847 38.924 ms Thu, 08 Dec 2022 07:33:06 GMT -
DELETE /api/student/639192f2c8e52ccae6c8336d 200 22 108.811 ms Thu, 08 Dec 2022 07:34:50 GMT -
GET /api/student 200 847 50.445 ms Thu, 08 Dec 2022 07:34:59 GMT -
GET /api/student 200 847 39.030 ms Thu, 08 Dec 2022 07:35:31 GMT -
DELETE /api/student/639192f7c8e52ccae6c83370 200 22 82.072 ms Thu, 08 Dec 2022 07:35:49 GMT -
GET /api/student 200 634 42.630 ms Thu, 08 Dec 2022 07:35:54 GMT -
POST /api/student/add/639179ed0c908bd78df77f93 200 208 280.953 ms Thu, 08 Dec 2022 07:36:14 GMT application/json
GET /api/student 200 843 332.487 ms Thu, 08 Dec 2022 07:36:18 GMT -
DELETE /api/student/639193ee483c782836956e27 200 22 181.811 ms Thu, 08 Dec 2022 07:36:43 GMT -
GET /api/student 200 634 38.742 ms Thu, 08 Dec 2022 07:36:51 GMT -
GET /api/grade 200 801 47.105 ms Thu, 08 Dec 2022 07:39:19 GMT -
POST /api/grade/add 200 179 213.246 ms Thu, 08 Dec 2022 09:13:10 GMT application/json
DELETE /api/grade/6391aaa612bff157ebf0ce1e 200 22 104.248 ms Thu, 08 Dec 2022 09:13:35 GMT -
DELETE /api/grade/6391aaa612bff157ebf0ce1 500 600 14.849 ms Thu, 08 Dec 2022 09:16:30 GMT -
GET /api/grade 200 1058 113.216 ms Thu, 08 Dec 2022 09:17:12 GMT -
